<?xml version="1.0" encoding="UTF-8"?>
<!-- Generated by org.testng.reporters.JUnitReportReporter -->
<testsuite hostname="garikipatij-linux1" failures="0" tests="1" name="sample.dragDrop" time="8.211" errors="0" timestamp="2024-12-19T16:17:33 IST" skipped="0">
  <testcase classname="sample.dragDrop" name="drag" time="8.211"/>
  <system-out/>
</testsuite> <!-- sample.dragDrop -->
